Discovering target: Default
Discovering tests from assembly: D:\0陈小龙\陈小龙-Selenium\Selenium\bin\Debug\Selenium.dll
Appdomain Disposed
Test Suite Dump
#0: Selenium/Default - 
#1: Default - 
#2: Selenium - 
#3: SpecFlowFeature1 - 
#4: The website display successfully - TestAssembly:Selenium/Feature:SpecFlowFeature1/Scenario:The+website+display+successfully
#5: The CONTACT US page displayed - TestAssembly:Selenium/Feature:SpecFlowFeature1/Scenario:The+CONTACT+US+page+displayed
#6: Check the header text - TestAssembly:Selenium/Feature:SpecFlowFeature1/Scenario:Check+the+header+text
#7: Check the default value of Topic Interested - TestAssembly:Selenium/Feature:SpecFlowFeature1/Scenario:Check+the+default+value+of+Topic+Interested
#8: Check all the selects in Topic Interested - TestAssembly:Selenium/Feature:SpecFlowFeature1/Scenario:Check+all+the+selects+in+Topic+Interested
#9: Check the default value of Join us - TestAssembly:Selenium/Feature:SpecFlowFeature1/Scenario:Check+the+default+value+of+Join+us
#10: Check the mandatory in the webform - TestAssembly:Selenium/Feature:SpecFlowFeature1/Scenario:Check+the+mandatory+in+the+webform
#11: Input test to Email and move course to other item - TestAssembly:Selenium/Feature:SpecFlowFeature1/Scenario:Input+test+to+Email+and+move+course+to+other+item
#12: Input the whole data to field except "Email" and click submit button - TestAssembly:Selenium/Feature:SpecFlowFeature1/Scenario:Input+the+whole+data+to+field+except+%22Email%22+and+click+submit+button
#13: Input the right value to Email and clikc submit button - TestAssembly:Selenium/Feature:SpecFlowFeature1/Scenario:Input+the+right+value+to+Email+and+clikc+submit+button
#14: Click Go back to the form - TestAssembly:Selenium/Feature:SpecFlowFeature1/Scenario:Click+Go+back+to+the+form
#15: Click Login on the top - TestAssembly:Selenium/Feature:SpecFlowFeature1/Scenario:Click+Login+on+the+top
#16: Input the value username and password and click Log in - TestAssembly:Selenium/Feature:SpecFlowFeature1/Scenario:Input+the+value+username+and+password+and+click+Log+in
#17: Test Selenium Grid - TestAssembly:Selenium/Feature:SpecFlowFeature1/Scenario:Test+Selenium+Grid
#18: Test Saucelabs, Firefox - TestAssembly:Selenium/Feature:SpecFlowFeature1/Scenario:Test+Saucelabs%2c+Firefox
#19: Test Saucelabs, Chrome - TestAssembly:Selenium/Feature:SpecFlowFeature1/Scenario:Test+Saucelabs%2c+Chrome
#20: Test Saucelabs, Safari - TestAssembly:Selenium/Feature:SpecFlowFeature1/Scenario:Test+Saucelabs%2c+Safari
End: Test Suite Dump
Thread#0:Scheduler: get next test for thread
Thread#:Scheduler: testitem #4 from normal test queue 
Thread#0:Scheduler: considering testitem #4 for thread
Thread#0:Scheduler: using testitem #4 for thread
Thread#0:Scheduler: Test #4 is scheduled for thread
Thread#0:Scheduler: with testItemExecutionIndex 0
Thread#1:Scheduler: get next test for thread
Thread#:Scheduler: testitem #5 from normal test queue 
Thread#1:Scheduler: considering testitem #5 for thread
Thread#1:Scheduler: using testitem #5 for thread
Thread#1:Scheduler: Test #5 is scheduled for thread
Thread#1:Scheduler: with testItemExecutionIndex 1
Thread#3:Scheduler: get next test for thread
Thread#:Scheduler: testitem #6 from normal test queue 
Thread#3:Scheduler: considering testitem #6 for thread
Thread#3:Scheduler: using testitem #6 for thread
Thread#3:Scheduler: Test #6 is scheduled for thread
Thread#3:Scheduler: with testItemExecutionIndex 3
Thread#4:Scheduler: get next test for thread
Thread#:Scheduler: testitem #7 from normal test queue 
Thread#4:Scheduler: considering testitem #7 for thread
Thread#4:Scheduler: using testitem #7 for thread
Thread#4:Scheduler: Test #7 is scheduled for thread
Thread#4:Scheduler: with testItemExecutionIndex 4
Thread#2:Scheduler: get next test for thread
Thread#:Scheduler: testitem #8 from normal test queue 
Thread#2:Scheduler: considering testitem #8 for thread
Thread#2:Scheduler: using testitem #8 for thread
Thread#2:Scheduler: Test #8 is scheduled for thread
Thread#2:Scheduler: with testItemExecutionIndex 2
Thread #4: creating new test thread executor for Selenium, Version=1.0.0.0, Culture=neutral, PublicKeyToken=null (target: Default)
Thread #1: creating new test thread executor for Selenium, Version=1.0.0.0, Culture=neutral, PublicKeyToken=null (target: Default)
Thread #2: creating new test thread executor for Selenium, Version=1.0.0.0, Culture=neutral, PublicKeyToken=null (target: Default)
Thread #0: creating new test thread executor for Selenium, Version=1.0.0.0, Culture=neutral, PublicKeyToken=null (target: Default)
Thread #3: creating new test thread executor for Selenium, Version=1.0.0.0, Culture=neutral, PublicKeyToken=null (target: Default)
Loading SpecRun type 'TechTalk.SpecRun.Framework.TestAssemblyExecutor' from: D:\0陈小龙\陈小龙-Selenium\packages\SpecRun.Runner.1.5.2\tools\TechTalk.SpecRun.Framework.Executor.dll
Loading SpecRun type 'TechTalk.SpecRun.Framework.TestAssemblyExecutor' from: D:\0陈小龙\陈小龙-Selenium\packages\SpecRun.Runner.1.5.2\tools\TechTalk.SpecRun.Framework.Executor.dll
Loading SpecRun type 'TechTalk.SpecRun.Framework.TestAssemblyExecutor' from: D:\0陈小龙\陈小龙-Selenium\packages\SpecRun.Runner.1.5.2\tools\TechTalk.SpecRun.Framework.Executor.dll
Loading SpecRun type 'TechTalk.SpecRun.Framework.TestAssemblyExecutor' from: D:\0陈小龙\陈小龙-Selenium\packages\SpecRun.Runner.1.5.2\tools\TechTalk.SpecRun.Framework.Executor.dll
Loading SpecRun type 'TechTalk.SpecRun.Framework.TestAssemblyExecutor' from: D:\0陈小龙\陈小龙-Selenium\packages\SpecRun.Runner.1.5.2\tools\TechTalk.SpecRun.Framework.Executor.dll
Thread#2: Test #8/0 is started on thread #2
Thread#1: Test #5/0 is started on thread #1
Thread#3: Test #6/0 is started on thread #3
Thread#4: Test #7/0 is started on thread #4
Thread#0: Test #4/0 is started on thread #0
Thread#4:B:Given I choose local firefox to start
Thread#0:B:Given I choose local firefox to start
Thread#2:B:Given I choose local firefox to start
Thread#1:B:Given I choose local firefox to start
Thread#3:B:Given I choose local firefox to start
Thread#1:T:Start the Firefox driver
Thread#2:T:error: The process cannot access the file 'D:\0陈小龙\陈小龙-Selenium\Selenium\bin\Debug\2016-11-25-14-22-26-52-logFile.txt' because it is being used by another process.
Thread#3:T:error: The process cannot access the file 'D:\0陈小龙\陈小龙-Selenium\Selenium\bin\Debug\2016-11-25-14-22-26-52-logFile.txt' because it is being used by another process.
Thread#4:T:Start the Firefox driver
Thread#2:B:And forward to 'http://10.0.30.2:8082/'
Thread#3:B:And forward to 'http://10.0.30.2:8082/'
Thread#0:T:error: The process cannot access the file 'D:\0陈小龙\陈小龙-Selenium\Selenium\bin\Debug\2016-11-25-14-22-26-52-logFile.txt' because it is being used by another process.
Thread#0:B:When forward to 'http://10.0.30.2:8082/'
Thread#2:T:skipped because of previous errors
Thread#2:B:And I navigate to contact us page
Thread#2:T:skipped because of previous errors
Thread#3:T:skipped because of previous errors
Thread#2:B:When I check the Topic Interested dropdown list
Thread#2:T:skipped because of previous errors
Thread#2:B:Then all options should be 'Cloud Testing、Embedded System Testing、Globalization Testing、Offshore Test Center、System Integration Testing、Test Automation、Function Testing、Mobile Testing、Cloud Services、SKYPALACE、Mobile Test Automation、Test Automation Framework、IaaS Cloud Enablement、Desktop Virtualization、Others'
Thread#2:T:skipped because of previous errors
Thread#2:B:And all options can be selected successfully
Thread#2:T:skipped because of previous errors
Thread#0:T:skipped because of previous errors
Thread#0:B:Then The website display successfully
Thread#0:T:skipped because of previous errors
Thread#3:B:When I navigate to contact us page
Thread#3:T:skipped because of previous errors
Thread#3:B:Then Check the header text
Thread#3:T:skipped because of previous errors
Thread#0:Scheduler: get next test for thread
Thread#:Scheduler: testitem #9 from normal test queue 
Thread#0:Scheduler: considering testitem #9 for thread
Thread#0:Scheduler: using testitem #9 for thread
Thread#0:Scheduler: Test #9 is scheduled for thread
Thread#0:Scheduler: with testItemExecutionIndex 0
Thread#2:Scheduler: get next test for thread
Thread#:Scheduler: testitem #10 from normal test queue 
Thread#2:Scheduler: considering testitem #10 for thread
Thread#2:Scheduler: using testitem #10 for thread
Thread#2:Scheduler: Test #10 is scheduled for thread
Thread#2:Scheduler: with testItemExecutionIndex 2
Thread#3:Scheduler: get next test for thread
Thread#:Scheduler: testitem #11 from normal test queue 
Thread#3:Scheduler: considering testitem #11 for thread
Thread#3:Scheduler: using testitem #11 for thread
Thread#3:Scheduler: Test #11 is scheduled for thread
Thread#3:Scheduler: with testItemExecutionIndex 3
Thread#0: Test #4/0 is finished on thread #0 as Failed within 1.1507849 seconds
Thread#0: Test #9/0 is started on thread #0
Thread#0:T:warning: The previous ScenarioContext was not disposed.
Thread#2: Test #8/0 is finished on thread #2 as Failed within 1.1652952 seconds
Thread#2: Test #10/0 is started on thread #2
Thread#2:T:warning: The previous ScenarioContext was not disposed.
Thread#3: Test #6/0 is finished on thread #3 as Failed within 1.1667947 seconds
Thread#3: Test #11/0 is started on thread #3
Thread#3:T:warning: The previous ScenarioContext was not disposed.
Thread#0:B:Given I choose local firefox to start
Thread#2:B:Given I choose local firefox to start
Thread#2:T:error: The process cannot access the file 'D:\0陈小龙\陈小龙-Selenium\Selenium\bin\Debug\2016-11-25-14-22-26-52-logFile.txt' because it is being used by another process.
Thread#2:B:And forward to 'http://10.0.30.2:8082/'
Thread#2:T:skipped because of previous errors
Thread#2:B:And I navigate to contact us page
Thread#2:T:skipped because of previous errors
Thread#2:B:When I click the Submit button
Thread#2:T:skipped because of previous errors
Thread#2:B:Then Prompt error message
Thread#2:T:skipped because of previous errors
Thread#2:Scheduler: get next test for thread
Thread#:Scheduler: testitem #12 from normal test queue 
Thread#2:Scheduler: considering testitem #12 for thread
Thread#2:Scheduler: using testitem #12 for thread
Thread#2:Scheduler: Test #12 is scheduled for thread
Thread#2:Scheduler: with testItemExecutionIndex 2
Thread#2: Test #10/0 is finished on thread #2 as Failed within 0.0100063 seconds
Thread#2: Test #12/0 is started on thread #2
Thread#3:B:Given I choose local firefox to start
Thread#2:T:warning: The previous ScenarioContext was not disposed.
Thread#2:B:Given I choose local firefox to start
Thread#3:T:error: The process cannot access the file 'D:\0陈小龙\陈小龙-Selenium\Selenium\bin\Debug\2016-11-25-14-22-26-52-logFile.txt' because it is being used by another process.
Thread#2:T:error: The process cannot access the file 'D:\0陈小龙\陈小龙-Selenium\Selenium\bin\Debug\2016-11-25-14-22-26-52-logFile.txt' because it is being used by another process.
Thread#3:B:And forward to 'http://10.0.30.2:8082/'
Thread#2:B:And forward to 'http://10.0.30.2:8082/'
Thread#3:T:skipped because of previous errors
Thread#2:T:skipped because of previous errors
Thread#3:B:And I navigate to contact us page
Thread#2:B:And I navigate to contact us page
Thread#3:T:skipped because of previous errors
Thread#2:T:skipped because of previous errors
Thread#2:B:When Input " " to Email and move course to other item
Thread#3:B:When Input "test" to Email and move course to other item
Thread#2:T:skipped because of previous errors
Thread#3:T:skipped because of previous errors
Thread#3:B:And I click the Submit button
Thread#2:B:And I click the Submit button
Thread#2:T:skipped because of previous errors
Thread#3:T:skipped because of previous errors
Thread#2:B:Then Check the warning massage Email field is required
Thread#3:B:Then The data can not be saved
Thread#2:T:skipped because of previous errors
Thread#3:T:skipped because of previous errors
Thread#3:Scheduler: get next test for thread
Thread#:Scheduler: testitem #13 from normal test queue 
Thread#3:Scheduler: considering testitem #13 for thread
Thread#3:Scheduler: using testitem #13 for thread
Thread#3:Scheduler: Test #13 is scheduled for thread
Thread#3:Scheduler: with testItemExecutionIndex 3
Thread#2:Scheduler: get next test for thread
Thread#:Scheduler: testitem #14 from normal test queue 
Thread#2:Scheduler: considering testitem #14 for thread
Thread#2:Scheduler: using testitem #14 for thread
Thread#2:Scheduler: Test #14 is scheduled for thread
Thread#2:Scheduler: with testItemExecutionIndex 2
Thread#0:T:Start the Firefox driver
Thread#2: Test #12/0 is finished on thread #2 as Failed within 0.0045037 seconds
Thread#2: Test #14/0 is started on thread #2
Thread#2:T:warning: The previous ScenarioContext was not disposed.
Thread#2:B:Given I choose local firefox to start
Thread#2:T:error: The process cannot access the file 'D:\0陈小龙\陈小龙-Selenium\Selenium\bin\Debug\2016-11-25-14-22-26-52-logFile.txt' because it is being used by another process.
Thread#2:B:And forward to 'http://10.0.30.2:8082/'
Thread#2:T:skipped because of previous errors
Thread#2:B:And I navigate to contact us page
Thread#2:T:skipped because of previous errors
Thread#2:B:When Input "xiaolong.chen@dilatoit.com" to Email and move course to other item
Thread#2:T:skipped because of previous errors
Thread#2:B:And I click the Submit button
Thread#2:T:skipped because of previous errors
Thread#2:B:And click the Go back to the form button
Thread#2:T:skipped because of previous errors
Thread#2:B:Then The edit page displayed
Thread#2:T:skipped because of previous errors
Thread#2:Scheduler: get next test for thread
Thread#:Scheduler: testitem #15 from normal test queue 
Thread#2:Scheduler: considering testitem #15 for thread
Thread#2:Scheduler: using testitem #15 for thread
Thread#2:Scheduler: Test #15 is scheduled for thread
Thread#2:Scheduler: with testItemExecutionIndex 2
Thread#2: Test #14/0 is finished on thread #2 as Failed within 0.0045033 seconds
Thread#2: Test #15/0 is started on thread #2
Thread#2:T:warning: The previous ScenarioContext was not disposed.
Thread#2:B:Given I choose local firefox to start
Thread#3: Test #11/0 is finished on thread #3 as Failed within 0.0170114 seconds
Thread#2:T:error: The process cannot access the file 'D:\0陈小龙\陈小龙-Selenium\Selenium\bin\Debug\2016-11-25-14-22-26-52-logFile.txt' because it is being used by another process.
Thread#2:B:And forward to 'http://10.0.30.2:8082/'
Thread#3: Test #13/0 is started on thread #3
Thread#2:T:skipped because of previous errors
Thread#2:B:And I navigate to contact us page
Thread#2:T:skipped because of previous errors
Thread#2:B:When clcik the Login button
Thread#2:T:skipped because of previous errors
Thread#2:B:Then Check the login page displayed
Thread#2:T:skipped because of previous errors
Thread#3:T:warning: The previous ScenarioContext was not disposed.
Thread#2:Scheduler: get next test for thread
Thread#:Scheduler: testitem #16 from normal test queue 
Thread#2:Scheduler: considering testitem #16 for thread
Thread#2:Scheduler: using testitem #16 for thread
Thread#2:Scheduler: Test #16 is scheduled for thread
Thread#2:Scheduler: with testItemExecutionIndex 2
Thread#3:B:Given I choose local firefox to start
Thread#3:T:error: The process cannot access the file 'D:\0陈小龙\陈小龙-Selenium\Selenium\bin\Debug\2016-11-25-14-22-26-52-logFile.txt' because it is being used by another process.
Thread#3:B:And forward to 'http://10.0.30.2:8082/'
Thread#2: Test #15/0 is finished on thread #2 as Failed within 0.0045027 seconds
Thread#2: Test #16/0 is started on thread #2
Thread#3:T:skipped because of previous errors
Thread#3:B:And I navigate to contact us page
Thread#3:T:skipped because of previous errors
Thread#2:T:warning: The previous ScenarioContext was not disposed.
Thread#2:B:Given I choose local firefox to start
Thread#3:B:When Input "xiaolong.chen@dilatoit.com" to Email and move course to other item
Thread#3:T:skipped because of previous errors
Thread#2:T:error: The process cannot access the file 'D:\0陈小龙\陈小龙-Selenium\Selenium\bin\Debug\2016-11-25-14-22-26-52-logFile.txt' because it is being used by another process.
Thread#3:B:And I click the Submit button
Thread#3:T:skipped because of previous errors
Thread#2:B:And forward to 'http://10.0.30.2:8082/'
Thread#3:B:Then The data saved successfully with "Thank you,your submission has been received"
Thread#2:T:skipped because of previous errors
Thread#3:T:skipped because of previous errors
Thread#2:B:And I navigate to contact us page
Thread#2:T:skipped because of previous errors
Thread#2:B:When clcik the Login button and enter account
Thread#2:T:skipped because of previous errors
Thread#2:B:Then the login successful
Thread#2:T:skipped because of previous errors
Thread#3:Scheduler: get next test for thread
Thread#:Scheduler: testitem #17 from normal test queue 
Thread#3:Scheduler: considering testitem #17 for thread
Thread#3:Scheduler: using testitem #17 for thread
Thread#3:Scheduler: Test #17 is scheduled for thread
Thread#3:Scheduler: with testItemExecutionIndex 3
Thread#3: Test #13/0 is finished on thread #3 as Failed within 0.0080049 seconds
Thread#3: Test #17/0 is started on thread #3
Thread#3:T:warning: The previous ScenarioContext was not disposed.
Thread#3:B:Given I connect Selenium server and choose firefox to start
Thread#2:Scheduler: get next test for thread
Thread#:Scheduler: testitem #18 from normal test queue 
Thread#2:Scheduler: considering testitem #18 for thread
Thread#2:Scheduler: using testitem #18 for thread
Thread#2:Scheduler: Test #18 is scheduled for thread
Thread#2:Scheduler: with testItemExecutionIndex 2
Thread#3:T:Start the firefox driver
Thread#2: Test #16/0 is finished on thread #2 as Failed within 0.0125082 seconds
Thread#2: Test #18/0 is started on thread #2
Thread#2:T:warning: The previous ScenarioContext was not disposed.
Thread#2:B:Given I connect saucelabs and choose Firefox of 47.0 at Windows 7
Thread#2:T:error: The process cannot access the file 'D:\0陈小龙\陈小龙-Selenium\Selenium\bin\Debug\2016-11-25-14-22-26-52-logFile.txt' because it is being used by another process.
Thread#2:B:When forward to 'http://10.0.30.2:8082/'
Thread#2:T:skipped because of previous errors
Thread#2:B:Then The website display successfully
Thread#2:T:skipped because of previous errors
Thread#2:Scheduler: get next test for thread
Thread#:Scheduler: testitem #19 from normal test queue 
Thread#2:Scheduler: considering testitem #19 for thread
Thread#2:Scheduler: using testitem #19 for thread
Thread#2:Scheduler: Test #19 is scheduled for thread
Thread#2:Scheduler: with testItemExecutionIndex 2
Thread#2: Test #18/0 is finished on thread #2 as Failed within 0.0115075 seconds
Thread#2: Test #19/0 is started on thread #2
Thread#2:T:warning: The previous ScenarioContext was not disposed.
Thread#2:B:Given I connect saucelabs and choose Chrome of 50.0 at Windows 10
Thread#2:T:Start the Chrome driver
Thread#2:T:error: Unexpected error. Uh oh, you've run out of minutes!
Thread#2:T:Please visit https://saucelabs.com/pricing to purchase a subscription.
Thread#2:B:When forward to 'http://10.0.30.2:8082/'
Thread#2:T:skipped because of previous errors
Thread#2:B:Then The website display successfully
Thread#2:T:skipped because of previous errors
Thread#2:Scheduler: get next test for thread
Thread#:Scheduler: testitem #20 from normal test queue 
Thread#2:Scheduler: considering testitem #20 for thread
Thread#2:Scheduler: using testitem #20 for thread
Thread#2:Scheduler: Test #20 is scheduled for thread
Thread#2:Scheduler: with testItemExecutionIndex 2
Thread#2: Test #19/0 is finished on thread #2 as Failed within 1.4649662 seconds
Thread#2: Test #20/0 is started on thread #2
Thread#2:T:warning: The previous ScenarioContext was not disposed.
Thread#2:B:Given I connect saucelabs and choose Safari of 9.0 at OS X 10.11
Thread#2:T:Start the Safari driver
Thread#2:T:error: Unexpected error. Uh oh, you've run out of minutes!
Thread#2:T:Please visit https://saucelabs.com/pricing to purchase a subscription.
Thread#2:B:When forward to 'http://10.0.30.2:8082/'
Thread#2:T:skipped because of previous errors
Thread#2:B:Then The website display successfully
Thread#2:T:skipped because of previous errors
Thread#2:Scheduler: get next test for thread
Thread#:Scheduler: at the end of normal test queue
Thread#2:Scheduler: enumerator for thread is at end
Thread#2:Scheduler: No more tests for thread 
Thread#2: Test #20/0 is finished on thread #2 as Failed within 0.4437627 seconds
Appdomain Disposed
Thread#3:T:error: Unexpected error. System.Net.WebException: Unable to connect to the remote server ---> System.Net.Sockets.SocketException: No connection could be made because the target machine actively refused it 127.0.0.1:4444
Thread#3:T:   at System.Net.Sockets.Socket.DoConnect(EndPoint endPointSnapshot, SocketAddress socketAddress)
Thread#3:T:   at System.Net.ServicePoint.ConnectSocketInternal(Boolean connectFailure, Socket s4, Socket s6, Socket& socket, IPAddress& address, ConnectSocketState state, IAsyncResult asyncResult, Exception& exception)
Thread#3:T:   --- End of inner exception stack trace ---
Thread#3:T:   at System.Net.HttpWebRequest.GetRequestStream(TransportContext& context)
Thread#3:T:   at System.Net.HttpWebRequest.GetRequestStream()
Thread#3:T:   at OpenQA.Selenium.Remote.HttpCommandExecutor.Execute(Command commandToExecute)
Thread#3:T:   at OpenQA.Selenium.Remote.RemoteWebDriver.Execute(String driverCommandToExecute, Dictionary`2 parameters)
Thread#3:B:When forward to 'http://10.0.30.2:8082/'
Thread#3:T:skipped because of previous errors
Thread#3:B:Then The website display successfully
Thread#3:T:skipped because of previous errors
Thread#3:Scheduler: get next test for thread
Thread#:Scheduler: at the end of normal test queue
Thread#3:Scheduler: enumerator for thread is at end
Thread#3:Scheduler: No more tests for thread 
Thread#3: Test #17/0 is finished on thread #3 as Failed within 2.7975245 seconds
Appdomain Disposed
Thread#4:T:Set implicitly wait timeout 30
Thread#4:T:done: SpecFlowFeature1Steps.GivenIChooseLocalFirefoxToStart() (11.8s)
Thread#4:B:And forward to 'http://10.0.30.2:8082/'
Thread#4:T:Go to http://10.0.30.2:8082/
Thread#4:T:done: SpecFlowFeature1Steps.GivenForwardTo("http://10.0.30.2:...") (0.2s)
Thread#4:B:When I navigate to contact us page
Thread#4:T:error: Object reference not set to an instance of an object.
Thread#4:B:Then the default value of Topic Interested is 'Cloud Testing'
Thread#4:T:skipped because of previous errors
Thread#4:Scheduler: get next test for thread
Thread#:Scheduler: at the end of normal test queue
Thread#4:Scheduler: enumerator for thread is at end
Thread#4:Scheduler: No more tests for thread 
Thread#4:T:Quit the driver
Thread#4: Test #7/0 is finished on thread #4 as Failed within 15.1603824 seconds
Appdomain Disposed
Thread#0:T:Set implicitly wait timeout 30
Thread#0:T:done: SpecFlowFeature1Steps.GivenIChooseLocalFirefoxToStart() (22.0s)
Thread#0:B:And forward to 'http://10.0.30.2:8082/'
Thread#0:T:Go to http://10.0.30.2:8082/
Thread#0:T:done: SpecFlowFeature1Steps.GivenForwardTo("http://10.0.30.2:...") (0.1s)
Thread#0:B:When I navigate to contact us page
Thread#0:T:error: Object reference not set to an instance of an object.
Thread#0:B:Then the Join us is selected
Thread#0:T:skipped because of previous errors
Thread#0:Scheduler: get next test for thread
Thread#:Scheduler: at the end of normal test queue
Thread#0:Scheduler: enumerator for thread is at end
Thread#0:Scheduler: No more tests for thread 
Thread#0:T:Quit the driver
Thread#0: Test #9/0 is finished on thread #0 as Failed within 24.003782 seconds
Appdomain Disposed
Thread#1:T:Set implicitly wait timeout 30
Thread#1:T:done: SpecFlowFeature1Steps.GivenIChooseLocalFirefoxToStart() (33.8s)
Thread#1:B:And forward to 'http://10.0.30.2:8082/'
Thread#1:T:Go to http://10.0.30.2:8082/
Thread#1:T:done: SpecFlowFeature1Steps.GivenForwardTo("http://10.0.30.2:...") (0.3s)
Thread#1:B:When I navigate to contact us page
Thread#1:T:error: Object reference not set to an instance of an object.
Thread#1:B:Then The CONTACT US page displayed
Thread#1:T:skipped because of previous errors
Thread#1:Scheduler: get next test for thread
Thread#:Scheduler: at the end of normal test queue
Thread#1:Scheduler: enumerator for thread is at end
Thread#1:Scheduler: No more tests for thread 
Thread#1:T:Quit the driver
Thread#1: Test #5/0 is finished on thread #1 as Failed within 36.9842005 seconds
Appdomain Disposed
Thread#-1:Scheduler: get next test for thread
Thread#:Scheduler: at the end of normal test queue
Thread#-1:Scheduler: enumerator for thread is at end
Total: 17
Succeeded: 0
Ignored: 0
Pending: 0
Skipped: 0
Failed: 17
